<?xml version="1.0" encoding="UTF-8"?>
<!-- Generated by org.testng.reporters.JUnitReportReporter -->
<testsuite hostname="DESKTOP-R87J1LT" name="Testpackage.TestNG_Report" tests="2" failures="0" timestamp="19 Jan 2021 12:10:53 GMT" time="6.805" errors="0">
  <testcase name="TestBody1" time="4.929" classname="Testpackage.TestNG_Report"/>
  <testcase name="TestBody2" time="1.876" classname="Testpackage.TestNG_Report"/>
</testsuite> <!-- Testpackage.TestNG_Report -->
