<?xml version="1.0" encoding="UTF-8"?>
<!-- Generated by org.testng.reporters.JUnitReportReporter -->
<testsuite hostname="DESKTOP-R87J1LT" name="Testpackage.TestNG_Test" tests="1" failures="0" timestamp="19 Jan 2021 06:56:45 GMT" time="11.116" errors="0">
  <testcase name="googleSearchTest" time="11.116" classname="Testpackage.TestNG_Test"/>
</testsuite> <!-- Testpackage.TestNG_Test -->
